[2023-08-27 11:15:10,927] {taskinstance.py:1159} INFO - Dependencies all met for <TaskInstance: first_sample_dag.print_hello_world manual__2023-08-27T11:15:09.187159+00:00 [queued]>
[2023-08-27 11:15:10,935] {taskinstance.py:1159} INFO - Dependencies all met for <TaskInstance: first_sample_dag.print_hello_world manual__2023-08-27T11:15:09.187159+00:00 [queued]>
[2023-08-27 11:15:10,935] {taskinstance.py:1356} INFO - 
--------------------------------------------------------------------------------
[2023-08-27 11:15:10,935] {taskinstance.py:1357} INFO - Starting attempt 1 of 1
[2023-08-27 11:15:10,935] {taskinstance.py:1358} INFO - 
--------------------------------------------------------------------------------
[2023-08-27 11:15:10,949] {taskinstance.py:1377} INFO - Executing <Task(BashOperator): print_hello_world> on 2023-08-27 11:15:09.187159+00:00
[2023-08-27 11:15:10,953] {standard_task_runner.py:52} INFO - Started process 221 to run task
[2023-08-27 11:15:10,955] {standard_task_runner.py:79} INFO - Running: ['***', 'tasks', 'run', 'first_sample_dag', 'print_hello_world', 'manual__2023-08-27T11:15:09.187159+00:00', '--job-id', '2', '--raw', '--subdir', 'DAGS_FOLDER/sample_dag.py', '--cfg-path', '/tmp/tmpheulbtnn', '--error-file', '/tmp/tmpwla142wk']
[2023-08-27 11:15:10,956] {standard_task_runner.py:80} INFO - Job 2: Subtask print_hello_world
[2023-08-27 11:15:11,002] {task_command.py:369} INFO - Running <TaskInstance: first_sample_dag.print_hello_world manual__2023-08-27T11:15:09.187159+00:00 [running]> on host 41e72a3fa420
[2023-08-27 11:15:11,065] {taskinstance.py:1571} INFO - Exporting the following env vars:
AIRFLOW_CTX_DAG_OWNER=***
AIRFLOW_CTX_DAG_ID=first_sample_dag
AIRFLOW_CTX_TASK_ID=print_hello_world
AIRFLOW_CTX_EXECUTION_DATE=2023-08-27T11:15:09.187159+00:00
AIRFLOW_CTX_TRY_NUMBER=1
AIRFLOW_CTX_DAG_RUN_ID=manual__2023-08-27T11:15:09.187159+00:00
[2023-08-27 11:15:11,066] {subprocess.py:62} INFO - Tmp dir root location: 
 /tmp
[2023-08-27 11:15:11,066] {subprocess.py:74} INFO - Running command: ['bash', '-c', 'echo "HelloWorld!"']
[2023-08-27 11:15:11,073] {subprocess.py:85} INFO - Output:
[2023-08-27 11:15:11,074] {subprocess.py:92} INFO - HelloWorld!
[2023-08-27 11:15:11,074] {subprocess.py:96} INFO - Command exited with return code 0
[2023-08-27 11:15:11,099] {taskinstance.py:1400} INFO - Marking task as SUCCESS. dag_id=first_sample_dag, task_id=print_hello_world, execution_date=20230827T111509, start_date=20230827T111510, end_date=20230827T111511
[2023-08-27 11:15:11,128] {local_task_job.py:156} INFO - Task exited with return code 0
[2023-08-27 11:15:11,159] {local_task_job.py:273} INFO - 1 downstream tasks scheduled from follow-on schedule check
